<?xml version="1.0" encoding="UTF-8"?>
<!-- Generated by org.testng.reporters.JUnitXMLReporter -->
<testsuite hostname="SGH305RPWK" name="Test" tests="28" failures="13" timestamp="23 Aug 2016 11:04:47 GMT" time="638.582" errors="0">
  <testcase name="clickOnTitleTab" time="30.022" classname="com.hm.regression.AddParentTitle_TS_04">
    <failure type="org.openqa.selenium.NoSuchFrameException" message="No frame element found by name or id menu
Build info: version: &amp;apos;2.53.1&amp;apos;, revision: &amp;apos;a36b8b1&amp;apos;, time: &amp;apos;2016-06-30 17:37:03&amp;apos;
System info: host: &amp;apos;SGH305RPWK&amp;apos;, ip: &amp;apos;10.140.0.140&amp;apos;, os.name: &amp;apos;Windows 7&amp;apos;, os.arch: &amp;apos;amd64&amp;apos;, os.version: &amp;apos;6.1&amp;apos;, java.version: &amp;apos;1.7.0_60&amp;apos;
Driver info: driver.version: unknown">
      <![CDATA[org.openqa.selenium.NoSuchFrameException: No frame element found by name or id menu
Build info: version: '2.53.1', revision: 'a36b8b1', time: '2016-06-30 17:37:03'
System info: host: 'SGH305RPWK', ip: '10.140.0.140', os.name: 'Windows 7', os.arch: 'amd64', os.version: '6.1', java.version: '1.7.0_60'
Driver info: driver.version: unknown
	at org.openqa.selenium.remote.RemoteWebDriver$RemoteTargetLocator.frame(RemoteWebDriver.java:997)
	at com.hm.pagerepo.titles.AddParentTitlePage.clickOncoustmerLink(AddParentTitlePage.java:41)
	at com.hm.regression.AddParentTitle_TS_04.clickOnTitleTab(AddParentTitle_TS_04.java:36)
... Removed 24 stack frames]]>
    </failure>
  </testcase> <!-- clickOnTitleTab -->
  <testcase name="selectABM" time="5.752" classname="com.hm.regression.Search_TS_02"/>
  <testcase name="affiliteLink_TC_03" time="4.983" classname="com.hm.regression.AffiliateLink_TS_03"/>
  <testcase name="verifyNewHierarchy_TC_09" time="6.954" classname="com.hm.regression.NewHierarchyVerify_TS_09">
    <failure type="org.openqa.selenium.NoAlertPresentException" message="no alert open
  (Session info: chrome=52.0.2743.116)
  (Driver info: chromedriver=2.22.397933 (1cab651507b88dec79b2b2a22d1943c01833cc1b),platform=Windows NT 6.1.7601 SP1 x86_64) (WARNING: The server did not provide any stacktrace information)
Command duration or timeout: 3 milliseconds
Build info: version: &amp;apos;2.53.1&amp;apos;, revision: &amp;apos;a36b8b1&amp;apos;, time: &amp;apos;2016-06-30 17:37:03&amp;apos;
System info: host: &amp;apos;SGH305RPWK&amp;apos;, ip: &amp;apos;10.140.0.140&amp;apos;, os.name: &amp;apos;Windows 7&amp;apos;, os.arch: &amp;apos;amd64&amp;apos;, os.version: &amp;apos;6.1&amp;apos;, java.version: &amp;apos;1.7.0_60&amp;apos;
Session ID: 36ac6a35f9c6b855f72fc535b508cd58
Driver info: org.openqa.selenium.chrome.ChromeDriver
Capabilities [{platform=XP, acceptSslCerts=true, javascriptEnabled=true, browserName=chrome, chrome={userDataDir=C:\Windows\Temp\scoped_dir1920_11083, chromedriverVersion=2.22.397933 (1cab651507b88dec79b2b2a22d1943c01833cc1b)}, rotatable=false, locationContextEnabled=true, mobileEmulationEnabled=false, version=52.0.2743.116, takesHeapSnapshot=true, cssSelectorsEnabled=true, databaseEnabled=false, handlesAlerts=true, browserConnectionEnabled=false, webStorageEnabled=true, nativeEvents=true, hasTouchScreen=false, applicationCacheEnabled=false, takesScreenshot=true}]">
      <![CDATA[org.openqa.selenium.NoAlertPresentException: no alert open
  (Session info: chrome=52.0.2743.116)
  (Driver info: chromedriver=2.22.397933 (1cab651507b88dec79b2b2a22d1943c01833cc1b),platform=Windows NT 6.1.7601 SP1 x86_64) (WARNING: The server did not provide any stacktrace information)
Command duration or timeout: 3 milliseconds
Build info: version: '2.53.1', revision: 'a36b8b1', time: '2016-06-30 17:37:03'
System info: host: 'SGH305RPWK', ip: '10.140.0.140', os.name: 'Windows 7', os.arch: 'amd64', os.version: '6.1', java.version: '1.7.0_60'
Session ID: 36ac6a35f9c6b855f72fc535b508cd58
Driver info: org.openqa.selenium.chrome.ChromeDriver
Capabilities [{platform=XP, acceptSslCerts=true, javascriptEnabled=true, browserName=chrome, chrome={userDataDir=C:\Windows\Temp\scoped_dir1920_11083, chromedriverVersion=2.22.397933 (1cab651507b88dec79b2b2a22d1943c01833cc1b)}, rotatable=false, locationContextEnabled=true, mobileEmulationEnabled=false, version=52.0.2743.116, takesHeapSnapshot=true, cssSelectorsEnabled=true, databaseEnabled=false, handlesAlerts=true, browserConnectionEnabled=false, webStorageEnabled=true, nativeEvents=true, hasTouchScreen=false, applicationCacheEnabled=false, takesScreenshot=true}]
	at org.openqa.selenium.remote.ErrorHandler.createThrowable(ErrorHandler.java:206)
	at org.openqa.selenium.remote.ErrorHandler.throwIfResponseFailed(ErrorHandler.java:158)
	at org.openqa.selenium.remote.RemoteWebDriver.execute(RemoteWebDriver.java:678)
	at org.openqa.selenium.remote.RemoteWebDriver.execute(RemoteWebDriver.java:701)
	at org.openqa.selenium.remote.RemoteWebDriver$RemoteTargetLocator.alert(RemoteWebDriver.java:1049)
	at com.hm.generic.GenericUtils.acceptAlert(GenericUtils.java:74)
	at com.hm.regression.NewHierarchyVerify_TS_09.verifyNewHierarchy_TC_09(NewHierarchyVerify_TS_09.java:31)
... Removed 28 stack frames]]>
    </failure>
  </testcase> <!-- verifyNewHierarchy_TC_09 -->
  <testcase name="verifyCreateTitle_NewTitle_TC_22" time="13.218" classname="com.hm.regression.CreateTitle_TS_19"/>
  <testcase name="verifyCreateTitle_NoDisplayInd_TC_24" time="13.163" classname="com.hm.regression.CreateTitle_TS_19"/>
  <testcase name="verifyCreateTitle_UpdateTitle_TC_23" time="14.104" classname="com.hm.regression.CreateTitle_TS_19"/>
  <testcase name="verifyRelationShips" time="24.068" classname="com.hm.regression.VerifyRelationShipsTab_TS_11"/>
  <testcase name="loginWithValidInputTC_01" time="3.042" classname="com.hm.regression.LoginSuccess_TS_01"/>
  <testcase name="verifySuperAssignDate_TC_13" time="23.698" classname="com.hm.regression.SuperAssignDateChangeVerify_TS_13">
    <failure type="org.openqa.selenium.NoSuchFrameException" message="No frame element found by name or id Menu
Build info: version: &amp;apos;2.53.1&amp;apos;, revision: &amp;apos;a36b8b1&amp;apos;, time: &amp;apos;2016-06-30 17:37:03&amp;apos;
System info: host: &amp;apos;SGH305RPWK&amp;apos;, ip: &amp;apos;10.140.0.140&amp;apos;, os.name: &amp;apos;Windows 7&amp;apos;, os.arch: &amp;apos;amd64&amp;apos;, os.version: &amp;apos;6.1&amp;apos;, java.version: &amp;apos;1.7.0_60&amp;apos;
Driver info: driver.version: unknown">
      <![CDATA[org.openqa.selenium.NoSuchFrameException: No frame element found by name or id Menu
Build info: version: '2.53.1', revision: 'a36b8b1', time: '2016-06-30 17:37:03'
System info: host: 'SGH305RPWK', ip: '10.140.0.140', os.name: 'Windows 7', os.arch: 'amd64', os.version: '6.1', java.version: '1.7.0_60'
Driver info: driver.version: unknown
	at org.openqa.selenium.remote.RemoteWebDriver$RemoteTargetLocator.frame(RemoteWebDriver.java:997)
	at com.hm.pagerepo.home.AffiliteLinkPage.clickOnAffilite(AffiliteLinkPage.java:20)
	at com.hm.regression.SuperAssignDateChangeVerify_TS_13.verifySuperAssignDate_TC_13(SuperAssignDateChangeVerify_TS_13.java:29)
... Removed 24 stack frames]]>
    </failure>
  </testcase> <!-- verifySuperAssignDate_TC_13 -->
  <testcase name="verifyCurrentHierarchy_TC_21" time="6.079" classname="com.hm.regression.CurrentHierarchy_TS_18"/>
  <testcase name="verifySearch_TC_06" time="5.73" classname="com.hm.regression.SearchBySalesIdVerif_TS_07">
    <failure type="org.openqa.selenium.WebDriverException" message="unknown error: keys should be a string
  (Session info: chrome=52.0.2743.116)
  (Driver info: chromedriver=2.22.397933 (1cab651507b88dec79b2b2a22d1943c01833cc1b),platform=Windows NT 6.1.7601 SP1 x86_64) (WARNING: The server did not provide any stacktrace information)
Command duration or timeout: 33 milliseconds
Build info: version: &amp;apos;2.53.1&amp;apos;, revision: &amp;apos;a36b8b1&amp;apos;, time: &amp;apos;2016-06-30 17:37:03&amp;apos;
System info: host: &amp;apos;SGH305RPWK&amp;apos;, ip: &amp;apos;10.140.0.140&amp;apos;, os.name: &amp;apos;Windows 7&amp;apos;, os.arch: &amp;apos;amd64&amp;apos;, os.version: &amp;apos;6.1&amp;apos;, java.version: &amp;apos;1.7.0_60&amp;apos;
Session ID: 683de96646bb7f3de0b5c900a38f043d
Driver info: org.openqa.selenium.chrome.ChromeDriver
Capabilities [{platform=XP, acceptSslCerts=true, javascriptEnabled=true, browserName=chrome, chrome={userDataDir=C:\Windows\Temp\scoped_dir8504_9627, chromedriverVersion=2.22.397933 (1cab651507b88dec79b2b2a22d1943c01833cc1b)}, rotatable=false, locationContextEnabled=true, mobileEmulationEnabled=false, version=52.0.2743.116, takesHeapSnapshot=true, cssSelectorsEnabled=true, databaseEnabled=false, handlesAlerts=true, browserConnectionEnabled=false, webStorageEnabled=true, nativeEvents=true, hasTouchScreen=false, applicationCacheEnabled=false, takesScreenshot=true}]">
      <![CDATA[org.openqa.selenium.WebDriverException: unknown error: keys should be a string
  (Session info: chrome=52.0.2743.116)
  (Driver info: chromedriver=2.22.397933 (1cab651507b88dec79b2b2a22d1943c01833cc1b),platform=Windows NT 6.1.7601 SP1 x86_64) (WARNING: The server did not provide any stacktrace information)
Command duration or timeout: 33 milliseconds
Build info: version: '2.53.1', revision: 'a36b8b1', time: '2016-06-30 17:37:03'
System info: host: 'SGH305RPWK', ip: '10.140.0.140', os.name: 'Windows 7', os.arch: 'amd64', os.version: '6.1', java.version: '1.7.0_60'
Session ID: 683de96646bb7f3de0b5c900a38f043d
Driver info: org.openqa.selenium.chrome.ChromeDriver
Capabilities [{platform=XP, acceptSslCerts=true, javascriptEnabled=true, browserName=chrome, chrome={userDataDir=C:\Windows\Temp\scoped_dir8504_9627, chromedriverVersion=2.22.397933 (1cab651507b88dec79b2b2a22d1943c01833cc1b)}, rotatable=false, locationContextEnabled=true, mobileEmulationEnabled=false, version=52.0.2743.116, takesHeapSnapshot=true, cssSelectorsEnabled=true, databaseEnabled=false, handlesAlerts=true, browserConnectionEnabled=false, webStorageEnabled=true, nativeEvents=true, hasTouchScreen=false, applicationCacheEnabled=false, takesScreenshot=true}]
	at org.openqa.selenium.remote.ErrorHandler.createThrowable(ErrorHandler.java:206)
	at org.openqa.selenium.remote.ErrorHandler.throwIfResponseFailed(ErrorHandler.java:158)
	at org.openqa.selenium.remote.RemoteWebDriver.execute(RemoteWebDriver.java:678)
	at org.openqa.selenium.remote.RemoteWebElement.execute(RemoteWebElement.java:327)
	at org.openqa.selenium.remote.RemoteWebElement.sendKeys(RemoteWebElement.java:122)
	at org.openqa.selenium.support.pagefactory.internal.LocatingElementHandler.invoke(LocatingElementHandler.java:51)
	at com.sun.proxy.$Proxy9.sendKeys(Unknown Source)
	at com.hm.pagerepo.sales.SearchBySalesIDPage.enterSalesId(SearchBySalesIDPage.java:37)
	at com.hm.regression.SearchBySalesIdVerif_TS_07.verifySearch_TC_06(SearchBySalesIdVerif_TS_07.java:28)
... Removed 31 stack frames]]>
    </failure>
  </testcase> <!-- verifySearch_TC_06 -->
  <testcase name="verifyMapHierTeam_TC_10" time="24.171" classname="com.hm.regression.MapHierTeamVerify_TS_10">
    <failure type="org.openqa.selenium.NoSuchFrameException" message="No frame element found by name or id Menu
Build info: version: &amp;apos;2.53.1&amp;apos;, revision: &amp;apos;a36b8b1&amp;apos;, time: &amp;apos;2016-06-30 17:37:03&amp;apos;
System info: host: &amp;apos;SGH305RPWK&amp;apos;, ip: &amp;apos;10.140.0.140&amp;apos;, os.name: &amp;apos;Windows 7&amp;apos;, os.arch: &amp;apos;amd64&amp;apos;, os.version: &amp;apos;6.1&amp;apos;, java.version: &amp;apos;1.7.0_60&amp;apos;
Driver info: driver.version: unknown">
      <![CDATA[org.openqa.selenium.NoSuchFrameException: No frame element found by name or id Menu
Build info: version: '2.53.1', revision: 'a36b8b1', time: '2016-06-30 17:37:03'
System info: host: 'SGH305RPWK', ip: '10.140.0.140', os.name: 'Windows 7', os.arch: 'amd64', os.version: '6.1', java.version: '1.7.0_60'
Driver info: driver.version: unknown
	at org.openqa.selenium.remote.RemoteWebDriver$RemoteTargetLocator.frame(RemoteWebDriver.java:997)
	at com.hm.pagerepo.utility.MapHierTeamPage.clickonutitltyTab(MapHierTeamPage.java:47)
	at com.hm.regression.MapHierTeamVerify_TS_10.verifyMapHierTeam_TC_10(MapHierTeamVerify_TS_10.java:30)
... Removed 24 stack frames]]>
    </failure>
  </testcase> <!-- verifyMapHierTeam_TC_10 -->
  <testcase name="addCity_TC_17" time="9.419" classname="com.hm.regression.AddRegionAndAddCity_TS_15">
    <failure type="org.openqa.selenium.WebDriverException" message="unknown error: Element is not clickable at point (0, 72). Other element would receive the click: &amp;lt;img src=&amp;quot;/ccshms/jsmenu/menu-images/menu_pixel.gif&amp;quot; align=&amp;quot;left&amp;quot; border=&amp;quot;0&amp;quot; vspace=&amp;quot;0&amp;quot; hspace=&amp;quot;0&amp;quot; width=&amp;quot;18&amp;quot; height=&amp;quot;18&amp;quot;&amp;gt;
  (Session info: chrome=52.0.2743.116)
  (Driver info: chromedriver=2.22.397933 (1cab651507b88dec79b2b2a22d1943c01833cc1b),platform=Windows NT 6.1.7601 SP1 x86_64) (WARNING: The server did not provide any stacktrace information)
Command duration or timeout: 71 milliseconds
Build info: version: &amp;apos;2.53.1&amp;apos;, revision: &amp;apos;a36b8b1&amp;apos;, time: &amp;apos;2016-06-30 17:37:03&amp;apos;
System info: host: &amp;apos;SGH305RPWK&amp;apos;, ip: &amp;apos;10.140.0.140&amp;apos;, os.name: &amp;apos;Windows 7&amp;apos;, os.arch: &amp;apos;amd64&amp;apos;, os.version: &amp;apos;6.1&amp;apos;, java.version: &amp;apos;1.7.0_60&amp;apos;
Session ID: 3879f29fc3794b65226608c824a1c422
Driver info: org.openqa.selenium.chrome.ChromeDriver
Capabilities [{platform=XP, acceptSslCerts=true, javascriptEnabled=true, browserName=chrome, chrome={userDataDir=C:\Windows\Temp\scoped_dir9632_27151, chromedriverVersion=2.22.397933 (1cab651507b88dec79b2b2a22d1943c01833cc1b)}, rotatable=false, locationContextEnabled=true, mobileEmulationEnabled=false, version=52.0.2743.116, takesHeapSnapshot=true, cssSelectorsEnabled=true, databaseEnabled=false, handlesAlerts=true, browserConnectionEnabled=false, webStorageEnabled=true, nativeEvents=true, hasTouchScreen=false, applicationCacheEnabled=false, takesScreenshot=true}]">
      <![CDATA[org.openqa.selenium.WebDriverException: unknown error: Element is not clickable at point (0, 72). Other element would receive the click: <img src="/ccshms/jsmenu/menu-images/menu_pixel.gif" align="left" border="0" vspace="0" hspace="0" width="18" height="18">
  (Session info: chrome=52.0.2743.116)
  (Driver info: chromedriver=2.22.397933 (1cab651507b88dec79b2b2a22d1943c01833cc1b),platform=Windows NT 6.1.7601 SP1 x86_64) (WARNING: The server did not provide any stacktrace information)
Command duration or timeout: 71 milliseconds
Build info: version: '2.53.1', revision: 'a36b8b1', time: '2016-06-30 17:37:03'
System info: host: 'SGH305RPWK', ip: '10.140.0.140', os.name: 'Windows 7', os.arch: 'amd64', os.version: '6.1', java.version: '1.7.0_60'
Session ID: 3879f29fc3794b65226608c824a1c422
Driver info: org.openqa.selenium.chrome.ChromeDriver
Capabilities [{platform=XP, acceptSslCerts=true, javascriptEnabled=true, browserName=chrome, chrome={userDataDir=C:\Windows\Temp\scoped_dir9632_27151, chromedriverVersion=2.22.397933 (1cab651507b88dec79b2b2a22d1943c01833cc1b)}, rotatable=false, locationContextEnabled=true, mobileEmulationEnabled=false, version=52.0.2743.116, takesHeapSnapshot=true, cssSelectorsEnabled=true, databaseEnabled=false, handlesAlerts=true, browserConnectionEnabled=false, webStorageEnabled=true, nativeEvents=true, hasTouchScreen=false, applicationCacheEnabled=false, takesScreenshot=true}]
	at org.openqa.selenium.remote.ErrorHandler.createThrowable(ErrorHandler.java:206)
	at org.openqa.selenium.remote.ErrorHandler.throwIfResponseFailed(ErrorHandler.java:158)
	at org.openqa.selenium.remote.RemoteWebDriver.execute(RemoteWebDriver.java:678)
	at org.openqa.selenium.remote.RemoteWebElement.execute(RemoteWebElement.java:327)
	at org.openqa.selenium.remote.RemoteWebElement.click(RemoteWebElement.java:85)
	at org.openqa.selenium.support.pagefactory.internal.LocatingElementHandler.invoke(LocatingElementHandler.java:51)
	at com.sun.proxy.$Proxy9.click(Unknown Source)
	at com.hm.pagerepo.region.AddRegionAndAddCityPage.clickOnRegion(AddRegionAndAddCityPage.java:69)
	at com.hm.regression.AddRegionAndAddCity_TS_15.addCity_TC_17(AddRegionAndAddCity_TS_15.java:65)
... Removed 31 stack frames]]>
    </failure>
  </testcase> <!-- addCity_TC_17 -->
  <testcase name="addRegion_TC_16" time="30.385" classname="com.hm.regression.AddRegionAndAddCity_TS_15">
    <failure type="org.openqa.selenium.NoSuchFrameException" message="No frame element found by name or id sales
Build info: version: &amp;apos;2.53.1&amp;apos;, revision: &amp;apos;a36b8b1&amp;apos;, time: &amp;apos;2016-06-30 17:37:03&amp;apos;
System info: host: &amp;apos;SGH305RPWK&amp;apos;, ip: &amp;apos;10.140.0.140&amp;apos;, os.name: &amp;apos;Windows 7&amp;apos;, os.arch: &amp;apos;amd64&amp;apos;, os.version: &amp;apos;6.1&amp;apos;, java.version: &amp;apos;1.7.0_60&amp;apos;
Driver info: driver.version: unknown">
      <![CDATA[org.openqa.selenium.NoSuchFrameException: No frame element found by name or id sales
Build info: version: '2.53.1', revision: 'a36b8b1', time: '2016-06-30 17:37:03'
System info: host: 'SGH305RPWK', ip: '10.140.0.140', os.name: 'Windows 7', os.arch: 'amd64', os.version: '6.1', java.version: '1.7.0_60'
Driver info: driver.version: unknown
	at org.openqa.selenium.remote.RemoteWebDriver$RemoteTargetLocator.frame(RemoteWebDriver.java:997)
	at com.hm.pagerepo.region.AddRegionAndAddCityPage.clickOnAddRegionTab(AddRegionAndAddCityPage.java:51)
	at com.hm.regression.AddRegionAndAddCity_TS_15.addRegion_TC_16(AddRegionAndAddCity_TS_15.java:37)
... Removed 24 stack frames]]>
    </failure>
  </testcase> <!-- addRegion_TC_16 -->
  <testcase name="createNewResource_TC_24" time="30.579" classname="com.hm.regression.CreateResource_TS_20"/>
  <testcase name="resourceDetails_TC_25" time="9.977" classname="com.hm.regression.CreateResource_TS_20"/>
  <testcase name="getInfo_TC_12" time="20.406" classname="com.hm.regression.GetContactAndPaymentInfo_TS_12">
    <failure type="org.openqa.selenium.NoSuchElementException" message="no such element: Unable to locate element: {&amp;quot;method&amp;quot;:&amp;quot;xpath&amp;quot;,&amp;quot;selector&amp;quot;:&amp;quot;html/body/table/tbody/tr/td/table/tbody/tr/td[3]/table/tbody/tr[5]/td/table/tbody/tr[1]/td[1]/a/font/b&amp;quot;}
  (Session info: chrome=52.0.2743.116)
  (Driver info: chromedriver=2.22.397933 (1cab651507b88dec79b2b2a22d1943c01833cc1b),platform=Windows NT 6.1.7601 SP1 x86_64) (WARNING: The server did not provide any stacktrace information)
Command duration or timeout: 10.04 seconds
For documentation on this error, please visit: http://seleniumhq.org/exceptions/no_such_element.html
Build info: version: &amp;apos;2.53.1&amp;apos;, revision: &amp;apos;a36b8b1&amp;apos;, time: &amp;apos;2016-06-30 17:37:03&amp;apos;
System info: host: &amp;apos;SGH305RPWK&amp;apos;, ip: &amp;apos;10.140.0.140&amp;apos;, os.name: &amp;apos;Windows 7&amp;apos;, os.arch: &amp;apos;amd64&amp;apos;, os.version: &amp;apos;6.1&amp;apos;, java.version: &amp;apos;1.7.0_60&amp;apos;
*** Element info: {Using=xpath, value=html/body/table/tbody/tr/td/table/tbody/tr/td[3]/table/tbody/tr[5]/td/table/tbody/tr[1]/td[1]/a/font/b}
Session ID: 0e716a66febbc8941c666bd011b45f9e
Driver info: org.openqa.selenium.chrome.ChromeDriver
Capabilities [{platform=XP, acceptSslCerts=true, javascriptEnabled=true, browserName=chrome, chrome={userDataDir=C:\Windows\Temp\scoped_dir9388_2879, chromedriverVersion=2.22.397933 (1cab651507b88dec79b2b2a22d1943c01833cc1b)}, rotatable=false, locationContextEnabled=true, mobileEmulationEnabled=false, version=52.0.2743.116, takesHeapSnapshot=true, cssSelectorsEnabled=true, databaseEnabled=false, handlesAlerts=true, browserConnectionEnabled=false, webStorageEnabled=true, nativeEvents=true, hasTouchScreen=false, applicationCacheEnabled=false, takesScreenshot=true}]">
      <![CDATA[org.openqa.selenium.NoSuchElementException: no such element: Unable to locate element: {"method":"xpath","selector":"html/body/table/tbody/tr/td/table/tbody/tr/td[3]/table/tbody/tr[5]/td/table/tbody/tr[1]/td[1]/a/font/b"}
  (Session info: chrome=52.0.2743.116)
  (Driver info: chromedriver=2.22.397933 (1cab651507b88dec79b2b2a22d1943c01833cc1b),platform=Windows NT 6.1.7601 SP1 x86_64) (WARNING: The server did not provide any stacktrace information)
Command duration or timeout: 10.04 seconds
For documentation on this error, please visit: http://seleniumhq.org/exceptions/no_such_element.html
Build info: version: '2.53.1', revision: 'a36b8b1', time: '2016-06-30 17:37:03'
System info: host: 'SGH305RPWK', ip: '10.140.0.140', os.name: 'Windows 7', os.arch: 'amd64', os.version: '6.1', java.version: '1.7.0_60'
*** Element info: {Using=xpath, value=html/body/table/tbody/tr/td/table/tbody/tr/td[3]/table/tbody/tr[5]/td/table/tbody/tr[1]/td[1]/a/font/b}
Session ID: 0e716a66febbc8941c666bd011b45f9e
Driver info: org.openqa.selenium.chrome.ChromeDriver
Capabilities [{platform=XP, acceptSslCerts=true, javascriptEnabled=true, browserName=chrome, chrome={userDataDir=C:\Windows\Temp\scoped_dir9388_2879, chromedriverVersion=2.22.397933 (1cab651507b88dec79b2b2a22d1943c01833cc1b)}, rotatable=false, locationContextEnabled=true, mobileEmulationEnabled=false, version=52.0.2743.116, takesHeapSnapshot=true, cssSelectorsEnabled=true, databaseEnabled=false, handlesAlerts=true, browserConnectionEnabled=false, webStorageEnabled=true, nativeEvents=true, hasTouchScreen=false, applicationCacheEnabled=false, takesScreenshot=true}]
	at org.openqa.selenium.remote.ErrorHandler.createThrowable(ErrorHandler.java:206)
	at org.openqa.selenium.remote.ErrorHandler.throwIfResponseFailed(ErrorHandler.java:158)
	at org.openqa.selenium.remote.RemoteWebDriver.execute(RemoteWebDriver.java:678)
	at org.openqa.selenium.remote.RemoteWebDriver.findElement(RemoteWebDriver.java:363)
	at org.openqa.selenium.remote.RemoteWebDriver.findElementByXPath(RemoteWebDriver.java:500)
	at org.openqa.selenium.By$ByXPath.findElement(By.java:361)
	at org.openqa.selenium.remote.RemoteWebDriver.findElement(RemoteWebDriver.java:355)
	at org.openqa.selenium.support.pagefactory.DefaultElementLocator.findElement(DefaultElementLocator.java:69)
	at org.openqa.selenium.support.pagefactory.internal.LocatingElementHandler.invoke(LocatingElementHandler.java:38)
	at com.sun.proxy.$Proxy9.click(Unknown Source)
	at com.hm.pagerepo.sales.ContactandPaymentInfoTabPage.ClickOnSalePersonName(ContactandPaymentInfoTabPage.java:74)
	at com.hm.regression.GetContactAndPaymentInfo_TS_12.getInfo_TC_12(GetContactAndPaymentInfo_TS_12.java:35)
... Removed 28 stack frames]]>
    </failure>
  </testcase> <!-- getInfo_TC_12 -->
  <testcase name="verifyDataHelp_TC_20" time="21.171" classname="com.hm.regression.HMHelpAndDataHelpVerify_TS_17"/>
  <testcase name="verifyHMHelp_TC_19" time="22.626" classname="com.hm.regression.HMHelpAndDataHelpVerify_TS_17">
    <failure type="org.sikuli.script.FindFailed" message="can not find P(C:/Users/ab63599/Desktop/SikuliImages/To1.PNG) S: 0.7 in S(0)[0,0 1366x768]">
      <![CDATA[FindFailed: can not find P(C:/Users/ab63599/Desktop/SikuliImages/To1.PNG) S: 0.7 in S(0)[0,0 1366x768]
  Line 2189, in file Region.java

	at org.sikuli.script.Region.handleFindFailedShowDialog(Region.java:2189)
	at org.sikuli.script.Region.handleFindFailed(Region.java:2134)
	at org.sikuli.script.Region.wait(Region.java:2546)
	at com.hm.regression.HMHelpAndDataHelpVerify_TS_17.verifyHMHelp_TC_19(HMHelpAndDataHelpVerify_TS_17.java:40)
... Removed 24 stack frames]]>
    </failure>
  </testcase> <!-- verifyHMHelp_TC_19 -->
  <testcase name="addInternalAgentVerify_TC_18" time="25.783" classname="com.hm.regression.AddInternalAgent_TS_16">
    <failure type="org.openqa.selenium.NoSuchFrameException" message="No frame element found by name or id agent_main
Build info: version: &amp;apos;2.53.1&amp;apos;, revision: &amp;apos;a36b8b1&amp;apos;, time: &amp;apos;2016-06-30 17:37:03&amp;apos;
System info: host: &amp;apos;SGH305RPWK&amp;apos;, ip: &amp;apos;10.140.0.140&amp;apos;, os.name: &amp;apos;Windows 7&amp;apos;, os.arch: &amp;apos;amd64&amp;apos;, os.version: &amp;apos;6.1&amp;apos;, java.version: &amp;apos;1.7.0_60&amp;apos;
Driver info: driver.version: unknown">
      <![CDATA[org.openqa.selenium.NoSuchFrameException: No frame element found by name or id agent_main
Build info: version: '2.53.1', revision: 'a36b8b1', time: '2016-06-30 17:37:03'
System info: host: 'SGH305RPWK', ip: '10.140.0.140', os.name: 'Windows 7', os.arch: 'amd64', os.version: '6.1', java.version: '1.7.0_60'
Driver info: driver.version: unknown
	at org.openqa.selenium.remote.RemoteWebDriver$RemoteTargetLocator.frame(RemoteWebDriver.java:997)
	at com.hm.pagerepo.addinternalsalesperson.AddIntenalAgentPage.searchMNet(AddIntenalAgentPage.java:59)
	at com.hm.regression.AddInternalAgent_TS_16.addInternalAgentVerify_TC_18(AddInternalAgent_TS_16.java:29)
... Removed 24 stack frames]]>
    </failure>
  </testcase> <!-- addInternalAgentVerify_TC_18 -->
  <testcase name="clearBtn" time="24.024" classname="com.hm.regression.ABMLINKClearBtn">
    <failure type="org.openqa.selenium.NoSuchFrameException" message="No frame element found by name or id Menu
Build info: version: &amp;apos;2.53.1&amp;apos;, revision: &amp;apos;a36b8b1&amp;apos;, time: &amp;apos;2016-06-30 17:37:03&amp;apos;
System info: host: &amp;apos;SGH305RPWK&amp;apos;, ip: &amp;apos;10.140.0.140&amp;apos;, os.name: &amp;apos;Windows 7&amp;apos;, os.arch: &amp;apos;amd64&amp;apos;, os.version: &amp;apos;6.1&amp;apos;, java.version: &amp;apos;1.7.0_60&amp;apos;
Driver info: driver.version: unknown">
      <![CDATA[org.openqa.selenium.NoSuchFrameException: No frame element found by name or id Menu
Build info: version: '2.53.1', revision: 'a36b8b1', time: '2016-06-30 17:37:03'
System info: host: 'SGH305RPWK', ip: '10.140.0.140', os.name: 'Windows 7', os.arch: 'amd64', os.version: '6.1', java.version: '1.7.0_60'
Driver info: driver.version: unknown
	at org.openqa.selenium.remote.RemoteWebDriver$RemoteTargetLocator.frame(RemoteWebDriver.java:997)
	at com.hm.pagerepo.sales.SearchPage.clickonABMLink(SearchPage.java:42)
	at com.hm.regression.ABMLINKClearBtn.clearBtn(ABMLINKClearBtn.java:27)
... Removed 24 stack frames]]>
    </failure>
  </testcase> <!-- clearBtn -->
  <testcase name="resetAgentByFirstName_TC_15" time="23.629" classname="com.hm.regression.ResetAgent_TS_14">
    <failure type="org.openqa.selenium.NoSuchFrameException" message="No frame element found by name or id Menu
Build info: version: &amp;apos;2.53.1&amp;apos;, revision: &amp;apos;a36b8b1&amp;apos;, time: &amp;apos;2016-06-30 17:37:03&amp;apos;
System info: host: &amp;apos;SGH305RPWK&amp;apos;, ip: &amp;apos;10.140.0.140&amp;apos;, os.name: &amp;apos;Windows 7&amp;apos;, os.arch: &amp;apos;amd64&amp;apos;, os.version: &amp;apos;6.1&amp;apos;, java.version: &amp;apos;1.7.0_60&amp;apos;
Driver info: driver.version: unknown">
      <![CDATA[org.openqa.selenium.NoSuchFrameException: No frame element found by name or id Menu
Build info: version: '2.53.1', revision: 'a36b8b1', time: '2016-06-30 17:37:03'
System info: host: 'SGH305RPWK', ip: '10.140.0.140', os.name: 'Windows 7', os.arch: 'amd64', os.version: '6.1', java.version: '1.7.0_60'
Driver info: driver.version: unknown
	at org.openqa.selenium.remote.RemoteWebDriver$RemoteTargetLocator.frame(RemoteWebDriver.java:997)
	at com.hm.pagerepo.home.UtilityPage.clickonUtitlitytab(UtilityPage.java:19)
	at com.hm.regression.ResetAgent_TS_14.resetAgentByFirstName_TC_15(ResetAgent_TS_14.java:62)
... Removed 24 stack frames]]>
    </failure>
  </testcase> <!-- resetAgentByFirstName_TC_15 -->
  <testcase name="resetAgentByLastName_TC_16" time="16.955" classname="com.hm.regression.ResetAgent_TS_14"/>
  <testcase name="resetAgentBySalesId_TC_14" time="37.152" classname="com.hm.regression.ResetAgent_TS_14"/>
  <testcase name="verifyChildTitle" time="14.343" classname="com.hm.regression.AddChildTitleVerify_TS_06"/>
  <testcase name="verifymapDetilTitle_TC_07" time="30.307" classname="com.hm.regression.MapDetailTitle_TS_08">
    <failure type="org.openqa.selenium.NoSuchFrameException" message="No frame element found by name or id utility_main
Build info: version: &amp;apos;2.53.1&amp;apos;, revision: &amp;apos;a36b8b1&amp;apos;, time: &amp;apos;2016-06-30 17:37:03&amp;apos;
System info: host: &amp;apos;SGH305RPWK&amp;apos;, ip: &amp;apos;10.140.0.140&amp;apos;, os.name: &amp;apos;Windows 7&amp;apos;, os.arch: &amp;apos;amd64&amp;apos;, os.version: &amp;apos;6.1&amp;apos;, java.version: &amp;apos;1.7.0_60&amp;apos;
Driver info: driver.version: unknown">
      <![CDATA[org.openqa.selenium.NoSuchFrameException: No frame element found by name or id utility_main
Build info: version: '2.53.1', revision: 'a36b8b1', time: '2016-06-30 17:37:03'
System info: host: 'SGH305RPWK', ip: '10.140.0.140', os.name: 'Windows 7', os.arch: 'amd64', os.version: '6.1', java.version: '1.7.0_60'
Driver info: driver.version: unknown
	at org.openqa.selenium.remote.RemoteWebDriver$RemoteTargetLocator.frame(RemoteWebDriver.java:997)
	at com.hm.pagerepo.utility.MapDetailTitlePage.selectSalesHierarchyName(MapDetailTitlePage.java:62)
	at com.hm.regression.MapDetailTitle_TS_08.verifymapDetilTitle_TC_07(MapDetailTitle_TS_08.java:36)
... Removed 24 stack frames]]>
    </failure>
  </testcase> <!-- verifymapDetilTitle_TC_07 -->
  <testcase name="userVerifyAddingAdimAndViewAll_TC05" time="11.531" classname="com.hm.regression.UserTitle_TS_05"/>
</testsuite> <!-- Test -->
